[debug] [2021-09-06T12:27:57.836Z] ----------------------------------------------------------------------
[debug] [2021-09-06T12:27:57.838Z] Command:       C:\Program Files\nodejs\node.exe C:\Users\SHUBHAM\AppData\Roaming\npm\node_modules\firebase-tools\lib\bin\firebase.js init
[debug] [2021-09-06T12:27:57.838Z] CLI Version:   9.17.0
[debug] [2021-09-06T12:27:57.839Z] Platform:      win32
[debug] [2021-09-06T12:27:57.839Z] Node Version:  v12.19.0
[debug] [2021-09-06T12:27:57.840Z] Time:          Mon Sep 06 2021 17:57:57 GMT+0530 (India Standard Time)
[debug] [2021-09-06T12:27:57.840Z] ----------------------------------------------------------------------
[debug] 
[debug] [2021-09-06T12:27:57.897Z] > command requires scopes: ["email","openid","https://www.googleapis.com/auth/cloudplatformprojects.readonly","https://www.googleapis.com/auth/firebase","https://www.googleapis.com/auth/cloud-platform"]
[debug] [2021-09-06T12:27:57.897Z] > authorizing via signed-in user (tiwarishubham635@gmail.com)
[info] 
     ######## #### ########  ######## ########     ###     ######  ########
     ##        ##  ##     ## ##       ##     ##  ##   ##  ##       ##
     ######    ##  ########  ######   ########  #########  ######  ######
     ##        ##  ##    ##  ##       ##     ## ##     ##       ## ##
     ##       #### ##     ## ######## ########  ##     ##  ######  ########

You're about to initialize a Firebase project in this directory:

  D:\Shubham\PROJECTS\Chat-Rooms

Before we get started, keep in mind:

  * You are initializing within an existing Firebase project directory

